2015-08-16 15:31:58 - PHP Warning:  require(/var/www/html/firstplaceshop/admin/language/english/module/popular.php): failed to open stream: Permission denied in /var/www/html/firstplaceshop/system/library/language.php on line 21
2015-08-16 15:32:34 - PHP Warning:  require(/var/www/html/firstplaceshop/admin/language/english/module/popular.php): failed to open stream: Permission denied in /var/www/html/firstplaceshop/system/library/language.php on line 21
2015-08-16 15:32:37 - PHP Warning:  require(/var/www/html/firstplaceshop/admin/language/english/module/popular.php): failed to open stream: Permission denied in /var/www/html/firstplaceshop/system/library/language.php on line 21
2015-08-16 15:33:23 - PHP Warning:  include_once(/var/www/html/firstplaceshop/admin/controller/module/popular.php): failed to open stream: Permission denied in /var/www/html/firstplaceshop/system/engine/action.php on line 58
2015-08-16 15:33:23 - PHP Warning:  include_once(): Failed opening '/var/www/html/firstplaceshop/admin/controller/module/popular.php' for inclusion (include_path='.:/usr/share/php:/usr/share/pear') in /var/www/html/firstplaceshop/system/engine/action.php on line 58
2015-08-16 15:40:16 - PHP Notice:  Undefined index: limit in /var/www/html/firstplaceshop/catalog/controller/module/popular.php on line 22
2015-08-16 15:41:21 - PHP Notice:  Undefined index: limit in /var/www/html/firstplaceshop/catalog/controller/module/popular.php on line 22
2015-08-16 15:41:27 - PHP Notice:  Undefined index: limit in /var/www/html/firstplaceshop/catalog/controller/module/popular.php on line 22
2015-08-16 15:41:30 - PHP Notice:  Undefined index: limit in /var/www/html/firstplaceshop/catalog/controller/module/popular.php on line 22
2015-08-16 15:42:55 - PHP Notice:  Undefined index: limit in /var/www/html/firstplaceshop/catalog/controller/module/popular.php on line 22
2015-08-16 15:43:12 - PHP Notice:  Undefined index: limit in /var/www/html/firstplaceshop/catalog/controller/module/popular.php on line 22
2015-08-16 15:43:28 - PHP Notice:  Undefined index: limit in /var/www/html/firstplaceshop/catalog/controller/module/popular.php on line 22
2015-08-16 15:43:30 - PHP Notice:  Undefined index: limit in /var/www/html/firstplaceshop/catalog/controller/module/popular.php on line 22
2015-08-16 15:43:36 - PHP Notice:  Undefined index: limit in /var/www/html/firstplaceshop/catalog/controller/module/popular.php on line 22
2015-08-16 15:43:42 - PHP Notice:  Undefined index: limit in /var/www/html/firstplaceshop/catalog/controller/module/popular.php on line 22
2015-08-16 15:44:18 - PHP Notice:  Undefined index: limit in /var/www/html/firstplaceshop/catalog/controller/module/popular.php on line 22
2015-08-16 15:45:23 - PHP Notice:  Undefined index: limit in /var/www/html/firstplaceshop/catalog/controller/module/popular.php on line 22
2015-08-16 15:46:13 - PHP Notice:  Undefined index: limit in /var/www/html/firstplaceshop/catalog/controller/module/popular.php on line 22
2015-08-16 15:47:18 - PHP Notice:  Undefined index: limit in /var/www/html/firstplaceshop/catalog/controller/module/popular.php on line 22
2015-08-16 15:48:00 - PHP Notice:  Undefined index: limit in /var/www/html/firstplaceshop/catalog/controller/module/popular.php on line 22
2015-08-16 15:48:24 - PHP Notice:  Undefined index: width in /var/www/html/firstplaceshop/catalog/controller/module/popular.php on line 35
2015-08-16 15:48:24 - PHP Notice:  Undefined index: height in /var/www/html/firstplaceshop/catalog/controller/module/popular.php on line 35
2015-08-16 15:48:24 - PHP Warning:  imagecreatetruecolor(): Invalid image dimensions in /var/www/html/firstplaceshop/system/library/image.php on line 86
2015-08-16 15:48:24 - PHP Warning:  imagecolorallocate() expects parameter 1 to be resource, boolean given in /var/www/html/firstplaceshop/system/library/image.php on line 94
2015-08-16 15:48:24 - PHP Warning:  imagefilledrectangle() expects parameter 1 to be resource, boolean given in /var/www/html/firstplaceshop/system/library/image.php on line 97
2015-08-16 15:48:24 - PHP Warning:  imagecopyresampled() expects parameter 1 to be resource, boolean given in /var/www/html/firstplaceshop/system/library/image.php on line 99
2015-08-16 15:48:24 - PHP Notice:  Undefined index: width in /var/www/html/firstplaceshop/catalog/controller/module/popular.php on line 35
2015-08-16 15:48:24 - PHP Notice:  Undefined index: height in /var/www/html/firstplaceshop/catalog/controller/module/popular.php on line 35
2015-08-16 15:48:24 - PHP Warning:  imagecreatetruecolor(): Invalid image dimensions in /var/www/html/firstplaceshop/system/library/image.php on line 86
2015-08-16 15:48:24 - PHP Warning:  imagecolorallocate() expects parameter 1 to be resource, boolean given in /var/www/html/firstplaceshop/system/library/image.php on line 94
2015-08-16 15:48:24 - PHP Warning:  imagefilledrectangle() expects parameter 1 to be resource, boolean given in /var/www/html/firstplaceshop/system/library/image.php on line 97
2015-08-16 15:48:24 - PHP Warning:  imagecopyresampled() expects parameter 1 to be resource, boolean given in /var/www/html/firstplaceshop/system/library/image.php on line 99
2015-08-16 15:48:24 - PHP Notice:  Undefined index: width in /var/www/html/firstplaceshop/catalog/controller/module/popular.php on line 35
2015-08-16 15:48:24 - PHP Notice:  Undefined index: height in /var/www/html/firstplaceshop/catalog/controller/module/popular.php on line 35
2015-08-16 15:48:24 - PHP Warning:  imagecreatetruecolor(): Invalid image dimensions in /var/www/html/firstplaceshop/system/library/image.php on line 86
2015-08-16 15:48:24 - PHP Warning:  imagecolorallocate() expects parameter 1 to be resource, boolean given in /var/www/html/firstplaceshop/system/library/image.php on line 94
2015-08-16 15:48:24 - PHP Warning:  imagefilledrectangle() expects parameter 1 to be resource, boolean given in /var/www/html/firstplaceshop/system/library/image.php on line 97
2015-08-16 15:48:24 - PHP Warning:  imagecopyresampled() expects parameter 1 to be resource, boolean given in /var/www/html/firstplaceshop/system/library/image.php on line 99
2015-08-16 15:48:24 - PHP Notice:  Undefined index: width in /var/www/html/firstplaceshop/catalog/controller/module/popular.php on line 35
2015-08-16 15:48:24 - PHP Notice:  Undefined index: height in /var/www/html/firstplaceshop/catalog/controller/module/popular.php on line 35
2015-08-16 15:48:24 - PHP Warning:  imagecreatetruecolor(): Invalid image dimensions in /var/www/html/firstplaceshop/system/library/image.php on line 86
2015-08-16 15:48:24 - PHP Warning:  imagecolorallocate() expects parameter 1 to be resource, boolean given in /var/www/html/firstplaceshop/system/library/image.php on line 94
2015-08-16 15:48:24 - PHP Warning:  imagefilledrectangle() expects parameter 1 to be resource, boolean given in /var/www/html/firstplaceshop/system/library/image.php on line 97
2015-08-16 15:48:24 - PHP Warning:  imagecopyresampled() expects parameter 1 to be resource, boolean given in /var/www/html/firstplaceshop/system/library/image.php on line 99
2015-08-16 15:48:24 - PHP Notice:  Undefined index: width in /var/www/html/firstplaceshop/catalog/controller/module/popular.php on line 35
2015-08-16 15:48:24 - PHP Notice:  Undefined index: height in /var/www/html/firstplaceshop/catalog/controller/module/popular.php on line 35
2015-08-16 15:48:24 - PHP Warning:  imagecreatetruecolor(): Invalid image dimensions in /var/www/html/firstplaceshop/system/library/image.php on line 86
2015-08-16 15:48:24 - PHP Warning:  imagecolorallocate() expects parameter 1 to be resource, boolean given in /var/www/html/firstplaceshop/system/library/image.php on line 94
2015-08-16 15:48:24 - PHP Warning:  imagefilledrectangle() expects parameter 1 to be resource, boolean given in /var/www/html/firstplaceshop/system/library/image.php on line 97
2015-08-16 15:48:24 - PHP Warning:  imagecopyresampled() expects parameter 1 to be resource, boolean given in /var/www/html/firstplaceshop/system/library/image.php on line 99
2015-08-16 15:48:47 - PHP Notice:  Undefined index: limit in /var/www/html/firstplaceshop/catalog/controller/module/popular.php on line 22
2015-08-17 16:53:38 - PHP Warning:  fopen(/var/www/html/firstplaceshop/system/cache/cache.language.1439834018): failed to open stream: No such file or directory in /var/www/html/firstplaceshop/system/library/cache/file.php on line 49
2015-08-17 16:53:38 - PHP Warning:  flock() expects parameter 1 to be resource, boolean given in /var/www/html/firstplaceshop/system/library/cache/file.php on line 51
2015-08-17 16:53:38 - PHP Warning:  fwrite() expects parameter 1 to be resource, boolean given in /var/www/html/firstplaceshop/system/library/cache/file.php on line 53
2015-08-17 16:53:38 - PHP Warning:  fflush() expects parameter 1 to be resource, boolean given in /var/www/html/firstplaceshop/system/library/cache/file.php on line 55
2015-08-17 16:53:38 - PHP Warning:  flock() expects parameter 1 to be resource, boolean given in /var/www/html/firstplaceshop/system/library/cache/file.php on line 57
2015-08-17 16:53:38 - PHP Warning:  fclose() expects parameter 1 to be resource, boolean given in /var/www/html/firstplaceshop/system/library/cache/file.php on line 59
2015-08-17 16:53:38 - PHP Warning:  fopen(/var/www/html/firstplaceshop/system/cache/cache.currency.1439834018): failed to open stream: No such file or directory in /var/www/html/firstplaceshop/system/library/cache/file.php on line 49
2015-08-17 16:53:38 - PHP Warning:  flock() expects parameter 1 to be resource, boolean given in /var/www/html/firstplaceshop/system/library/cache/file.php on line 51
2015-08-17 16:53:38 - PHP Warning:  fwrite() expects parameter 1 to be resource, boolean given in /var/www/html/firstplaceshop/system/library/cache/file.php on line 53
2015-08-17 16:53:38 - PHP Warning:  fflush() expects parameter 1 to be resource, boolean given in /var/www/html/firstplaceshop/system/library/cache/file.php on line 55
2015-08-17 16:53:38 - PHP Warning:  flock() expects parameter 1 to be resource, boolean given in /var/www/html/firstplaceshop/system/library/cache/file.php on line 57
2015-08-17 16:53:38 - PHP Warning:  fclose() expects parameter 1 to be resource, boolean given in /var/www/html/firstplaceshop/system/library/cache/file.php on line 59
2015-08-17 16:54:16 - PHP Warning:  fopen(/var/www/html/firstplaceshop/system/cache/cache.language.1439834056): failed to open stream: No such file or directory in /var/www/html/firstplaceshop/system/library/cache/file.php on line 49
2015-08-17 16:54:16 - PHP Warning:  flock() expects parameter 1 to be resource, boolean given in /var/www/html/firstplaceshop/system/library/cache/file.php on line 51
2015-08-17 16:54:16 - PHP Warning:  fwrite() expects parameter 1 to be resource, boolean given in /var/www/html/firstplaceshop/system/library/cache/file.php on line 53
2015-08-17 16:54:16 - PHP Warning:  fflush() expects parameter 1 to be resource, boolean given in /var/www/html/firstplaceshop/system/library/cache/file.php on line 55
2015-08-17 16:54:16 - PHP Warning:  flock() expects parameter 1 to be resource, boolean given in /var/www/html/firstplaceshop/system/library/cache/file.php on line 57
2015-08-17 16:54:16 - PHP Warning:  fclose() expects parameter 1 to be resource, boolean given in /var/www/html/firstplaceshop/system/library/cache/file.php on line 59
2015-08-17 16:54:16 - PHP Warning:  fopen(/var/www/html/firstplaceshop/system/cache/cache.currency.1439834056): failed to open stream: No such file or directory in /var/www/html/firstplaceshop/system/library/cache/file.php on line 49
2015-08-17 16:54:16 - PHP Warning:  flock() expects parameter 1 to be resource, boolean given in /var/www/html/firstplaceshop/system/library/cache/file.php on line 51
2015-08-17 16:54:16 - PHP Warning:  fwrite() expects parameter 1 to be resource, boolean given in /var/www/html/firstplaceshop/system/library/cache/file.php on line 53
2015-08-17 16:54:16 - PHP Warning:  fflush() expects parameter 1 to be resource, boolean given in /var/www/html/firstplaceshop/system/library/cache/file.php on line 55
2015-08-17 16:54:16 - PHP Warning:  flock() expects parameter 1 to be resource, boolean given in /var/www/html/firstplaceshop/system/library/cache/file.php on line 57
2015-08-17 16:54:16 - PHP Warning:  fclose() expects parameter 1 to be resource, boolean given in /var/www/html/firstplaceshop/system/library/cache/file.php on line 59
2015-08-17 16:55:20 - PHP Warning:  fopen(/var/www/html/firstplaceshop/system/cache/cache.language.1439834120): failed to open stream: No such file or directory in /var/www/html/firstplaceshop/system/library/cache/file.php on line 49
2015-08-17 16:55:20 - PHP Warning:  flock() expects parameter 1 to be resource, boolean given in /var/www/html/firstplaceshop/system/library/cache/file.php on line 51
2015-08-17 16:55:20 - PHP Warning:  fwrite() expects parameter 1 to be resource, boolean given in /var/www/html/firstplaceshop/system/library/cache/file.php on line 53
2015-08-17 16:55:20 - PHP Warning:  fflush() expects parameter 1 to be resource, boolean given in /var/www/html/firstplaceshop/system/library/cache/file.php on line 55
2015-08-17 16:55:20 - PHP Warning:  flock() expects parameter 1 to be resource, boolean given in /var/www/html/firstplaceshop/system/library/cache/file.php on line 57
2015-08-17 16:55:20 - PHP Warning:  fclose() expects parameter 1 to be resource, boolean given in /var/www/html/firstplaceshop/system/library/cache/file.php on line 59
2015-08-17 16:55:20 - PHP Warning:  fopen(/var/www/html/firstplaceshop/system/cache/cache.currency.1439834120): failed to open stream: No such file or directory in /var/www/html/firstplaceshop/system/library/cache/file.php on line 49
2015-08-17 16:55:20 - PHP Warning:  flock() expects parameter 1 to be resource, boolean given in /var/www/html/firstplaceshop/system/library/cache/file.php on line 51
2015-08-17 16:55:20 - PHP Warning:  fwrite() expects parameter 1 to be resource, boolean given in /var/www/html/firstplaceshop/system/library/cache/file.php on line 53
2015-08-17 16:55:20 - PHP Warning:  fflush() expects parameter 1 to be resource, boolean given in /var/www/html/firstplaceshop/system/library/cache/file.php on line 55
2015-08-17 16:55:20 - PHP Warning:  flock() expects parameter 1 to be resource, boolean given in /var/www/html/firstplaceshop/system/library/cache/file.php on line 57
2015-08-17 16:55:20 - PHP Warning:  fclose() expects parameter 1 to be resource, boolean given in /var/www/html/firstplaceshop/system/library/cache/file.php on line 59
2015-08-17 16:55:22 - PHP Warning:  fopen(/var/www/html/firstplaceshop/system/cache/cache.language.1439834122): failed to open stream: No such file or directory in /var/www/html/firstplaceshop/system/library/cache/file.php on line 49
2015-08-17 16:55:22 - PHP Warning:  flock() expects parameter 1 to be resource, boolean given in /var/www/html/firstplaceshop/system/library/cache/file.php on line 51
2015-08-17 16:55:22 - PHP Warning:  fwrite() expects parameter 1 to be resource, boolean given in /var/www/html/firstplaceshop/system/library/cache/file.php on line 53
2015-08-17 16:55:22 - PHP Warning:  fflush() expects parameter 1 to be resource, boolean given in /var/www/html/firstplaceshop/system/library/cache/file.php on line 55
2015-08-17 16:55:22 - PHP Warning:  flock() expects parameter 1 to be resource, boolean given in /var/www/html/firstplaceshop/system/library/cache/file.php on line 57
2015-08-17 16:55:22 - PHP Warning:  fclose() expects parameter 1 to be resource, boolean given in /var/www/html/firstplaceshop/system/library/cache/file.php on line 59
2015-08-17 16:55:22 - PHP Warning:  fopen(/var/www/html/firstplaceshop/system/cache/cache.currency.1439834122): failed to open stream: No such file or directory in /var/www/html/firstplaceshop/system/library/cache/file.php on line 49
2015-08-17 16:55:22 - PHP Warning:  flock() expects parameter 1 to be resource, boolean given in /var/www/html/firstplaceshop/system/library/cache/file.php on line 51
2015-08-17 16:55:22 - PHP Warning:  fwrite() expects parameter 1 to be resource, boolean given in /var/www/html/firstplaceshop/system/library/cache/file.php on line 53
2015-08-17 16:55:22 - PHP Warning:  fflush() expects parameter 1 to be resource, boolean given in /var/www/html/firstplaceshop/system/library/cache/file.php on line 55
2015-08-17 16:55:22 - PHP Warning:  flock() expects parameter 1 to be resource, boolean given in /var/www/html/firstplaceshop/system/library/cache/file.php on line 57
2015-08-17 16:55:22 - PHP Warning:  fclose() expects parameter 1 to be resource, boolean given in /var/www/html/firstplaceshop/system/library/cache/file.php on line 59
2015-08-17 16:58:48 - PHP Notice:  Undefined variable: text_voucher in /var/www/html/firstplaceshop/catalog/view/theme/default/template/common/footer.tpl on line 26
2015-08-17 16:58:51 - PHP Notice:  Undefined variable: text_voucher in /var/www/html/firstplaceshop/catalog/view/theme/default/template/common/footer.tpl on line 26
2015-08-17 16:59:23 - PHP Notice:  Undefined variable: voucher in /var/www/html/firstplaceshop/catalog/view/theme/default/template/common/footer.tpl on line 26
2015-08-17 16:59:23 - PHP Notice:  Undefined variable: text_voucher in /var/www/html/firstplaceshop/catalog/view/theme/default/template/common/footer.tpl on line 26
2015-08-17 17:04:45 - PHP Notice:  Undefined variable: text_next_choice in /var/www/html/firstplaceshop/catalog/view/theme/default/template/checkout/cart.tpl on line 102
2015-08-17 17:05:43 - PHP Notice:  Undefined variable: coupon in /var/www/html/firstplaceshop/catalog/view/theme/default/template/checkout/cart.tpl on line 100
2015-08-17 17:05:43 - PHP Notice:  Undefined variable: voucher in /var/www/html/firstplaceshop/catalog/view/theme/default/template/checkout/cart.tpl on line 100
2015-08-17 17:05:43 - PHP Notice:  Undefined variable: reward in /var/www/html/firstplaceshop/catalog/view/theme/default/template/checkout/cart.tpl on line 100
2015-08-17 17:05:43 - PHP Notice:  Undefined variable: coupon in /var/www/html/firstplaceshop/catalog/view/theme/default/template/checkout/cart.tpl on line 103
2015-08-17 17:05:43 - PHP Notice:  Undefined variable: voucher in /var/www/html/firstplaceshop/catalog/view/theme/default/template/checkout/cart.tpl on line 103
2015-08-17 17:05:43 - PHP Notice:  Undefined variable: reward in /var/www/html/firstplaceshop/catalog/view/theme/default/template/checkout/cart.tpl on line 103
2015-08-17 17:17:38 - PHP Notice:  Undefined variable: text_checkout_shipping_method in /var/www/html/firstplaceshop/catalog/view/theme/default/template/checkout/checkout.tpl on line 62
2015-08-17 17:17:38 - PHP Notice:  Undefined variable: text_checkout_shipping_method in /var/www/html/firstplaceshop/catalog/view/theme/default/template/checkout/checkout.tpl on line 266
2015-08-17 17:17:38 - PHP Notice:  Undefined variable: text_checkout_shipping_method in /var/www/html/firstplaceshop/catalog/view/theme/default/template/checkout/checkout.tpl on line 270
2015-08-17 17:17:38 - PHP Notice:  Undefined variable: text_checkout_shipping_method in /var/www/html/firstplaceshop/catalog/view/theme/default/template/checkout/checkout.tpl on line 289
2015-08-17 17:17:38 - PHP Notice:  Undefined variable: text_checkout_shipping_method in /var/www/html/firstplaceshop/catalog/view/theme/default/template/checkout/checkout.tpl on line 384
2015-08-17 17:17:38 - PHP Notice:  Undefined variable: text_checkout_shipping_method in /var/www/html/firstplaceshop/catalog/view/theme/default/template/checkout/checkout.tpl on line 471
2015-08-17 17:17:38 - PHP Notice:  Undefined variable: text_checkout_shipping_method in /var/www/html/firstplaceshop/catalog/view/theme/default/template/checkout/checkout.tpl on line 572
2015-08-17 17:17:38 - PHP Notice:  Undefined variable: text_checkout_shipping_method in /var/www/html/firstplaceshop/catalog/view/theme/default/template/checkout/checkout.tpl on line 594
2015-08-17 17:17:38 - PHP Notice:  Undefined variable: text_checkout_shipping_method in /var/www/html/firstplaceshop/catalog/view/theme/default/template/checkout/checkout.tpl on line 671
